[DEBUG] - [2025-06-17 19:42:18] [main] [org.testng.TestNG] - suiteXmlPath: "C:\Users\ahmed\AppData\Local\JetBrains\IntelliJIdea2025.1\temp-testng-customsuite.xml"
[INFO] - [2025-06-17 19:42:19] [main] [com.swaglabs.Listeners.TestNGListeners] - Test Execution Started .......
[INFO] - [2025-06-17 19:42:19] [main] [com.swaglabs.utils.PropertiesUtils] - Loaded properties file: allure.properties
[INFO] - [2025-06-17 19:42:19] [main] [com.swaglabs.utils.PropertiesUtils] - Loaded properties file: environment.properties
[INFO] - [2025-06-17 19:42:19] [main] [com.swaglabs.utils.PropertiesUtils] - Loaded properties file: log4j2.properties
[INFO] - [2025-06-17 19:42:19] [main] [com.swaglabs.utils.PropertiesUtils] - Loaded properties file: web.properties
[INFO] - [2025-06-17 19:42:19] [main] [com.swaglabs.utils.PropertiesUtils] - Loaded properties files: 4
[INFO] - [2025-06-17 19:42:19] [main] [com.swaglabs.utils.FilesUtils] - Deleted file: D:\Intiliji WorkSpace\Selenium\Swaglabs_Automation\test-outputs\allure-results\214a3555-c3e3-40fb-82a7-5e385586ee2b-attachment.txt
[INFO] - [2025-06-17 19:42:19] [main] [com.swaglabs.utils.FilesUtils] - Deleted file: D:\Intiliji WorkSpace\Selenium\Swaglabs_Automation\test-outputs\allure-results\29d3630d-4290-4c3a-83bf-cff8ee41fa81-attachment
[INFO] - [2025-06-17 19:42:19] [main] [com.swaglabs.utils.FilesUtils] - Deleted file: D:\Intiliji WorkSpace\Selenium\Swaglabs_Automation\test-outputs\allure-results\2cc959db-d1c7-4713-8522-616746d6cbcb-container.json
[INFO] - [2025-06-17 19:42:19] [main] [com.swaglabs.utils.FilesUtils] - Deleted file: D:\Intiliji WorkSpace\Selenium\Swaglabs_Automation\test-outputs\allure-results\3c1e7d52-753c-4622-90d2-f00ce4d4950e-container.json
[INFO] - [2025-06-17 19:42:19] [main] [com.swaglabs.utils.FilesUtils] - Deleted file: D:\Intiliji WorkSpace\Selenium\Swaglabs_Automation\test-outputs\allure-results\ae60c858-c508-4b80-a4dd-0730cbdb576d-container.json
[INFO] - [2025-06-17 19:42:19] [main] [com.swaglabs.utils.FilesUtils] - Deleted file: D:\Intiliji WorkSpace\Selenium\Swaglabs_Automation\test-outputs\allure-results\c4ccf4b4-4b89-4dc3-9e05-52d542551cee-result.json
[INFO] - [2025-06-17 19:42:19] [main] [com.swaglabs.utils.FilesUtils] - Deleted file: D:\Intiliji WorkSpace\Selenium\Swaglabs_Automation\test-outputs\screenshots\Passed-Login with valid credentials.png
[INFO] - [2025-06-17 19:42:19] [main] [org.testng.internal.Utils] - [TestNG] Running:
  C:\Users\ahmed\AppData\Local\JetBrains\IntelliJIdea2025.1\temp-testng-customsuite.xml

[INFO] - [2025-06-17 19:42:21] [main] [com.swaglabs.utils.PropertiesUtils] - Loaded properties file: allure.properties
[INFO] - [2025-06-17 19:42:21] [main] [com.swaglabs.utils.PropertiesUtils] - Loaded properties file: environment.properties
[INFO] - [2025-06-17 19:42:21] [main] [com.swaglabs.utils.PropertiesUtils] - Loaded properties file: log4j2.properties
[INFO] - [2025-06-17 19:42:21] [main] [com.swaglabs.utils.PropertiesUtils] - Loaded properties file: web.properties
[INFO] - [2025-06-17 19:42:21] [main] [com.swaglabs.utils.PropertiesUtils] - Loaded properties files: 4
[INFO] - [2025-06-17 19:42:25] [main] [com.swaglabs.drivers.DriverManager] - Edge created
[INFO] - [2025-06-17 19:42:25] [main] [com.swaglabs.utils.FilesUtils] - Latest file found: D:\Intiliji WorkSpace\Selenium\Swaglabs_Automation\test-outputs\logs\log_2025-06-17_19-42-18.log
[INFO] - [2025-06-17 19:42:25] [main] [com.swaglabs.utils.ScreenShotUtils] - Screenshot taken: test-outputs/screenshots/failed-Login with valid credentials.png
[ERROR] - [2025-06-17 19:42:25] [main] [com.swaglabs.Listeners.TestNGListeners] - Test case Login with valid credentials failed with exception: 'io.cucumber.plugin.event.Location io.cucumber.core.runtime.TestCaseResultObserver$Suggestion.getLocation()'
[INFO] - [2025-06-17 19:42:26] [main] [com.swaglabs.Listeners.TestNGListeners] - Test Execution Finished .......
[ERROR] - [2025-06-17 19:42:26] [main] [io.qameta.allure.AllureLifecycle] - Could not start step: no test case running
[ERROR] - [2025-06-17 19:42:26] [main] [io.qameta.allure.AllureLifecycle] - Could not update step: no step running
[ERROR] - [2025-06-17 19:42:26] [main] [io.qameta.allure.AllureLifecycle] - Could not stop step: no step running
[ERROR] - [2025-06-17 19:42:26] [main] [io.qameta.allure.AllureLifecycle] - Could not start step: no test case running
[ERROR] - [2025-06-17 19:42:26] [main] [io.qameta.allure.AllureLifecycle] - Could not update step: no step running
[ERROR] - [2025-06-17 19:42:26] [main] [io.qameta.allure.AllureLifecycle] - Could not stop step: no step running
[INFO] - [2025-06-17 19:42:26] [main] [com.swaglabs.utils.BrowserActions] - Closing the browser.
