[DEBUG] - [2025-06-17 19:28:10] [main] [org.testng.TestNG] - suiteXmlPath: "C:\Users\ahmed\AppData\Local\JetBrains\IntelliJIdea2025.1\temp-testng-customsuite.xml"
[INFO] - [2025-06-17 19:28:11] [main] [com.swaglabs.Listeners.TestNGListeners] - Test Execution Started .......
[INFO] - [2025-06-17 19:28:11] [main] [com.swaglabs.utils.PropertiesUtils] - Loaded properties file: allure.properties
[INFO] - [2025-06-17 19:28:11] [main] [com.swaglabs.utils.PropertiesUtils] - Loaded properties file: environment.properties
[INFO] - [2025-06-17 19:28:11] [main] [com.swaglabs.utils.PropertiesUtils] - Loaded properties file: log4j2.properties
[INFO] - [2025-06-17 19:28:11] [main] [com.swaglabs.utils.PropertiesUtils] - Loaded properties file: web.properties
[INFO] - [2025-06-17 19:28:11] [main] [com.swaglabs.utils.PropertiesUtils] - Loaded properties files: 4
[INFO] - [2025-06-17 19:28:11] [main] [com.swaglabs.utils.FilesUtils] - Deleted file: D:\Intiliji WorkSpace\Selenium\Swaglabs_Automation\test-outputs\allure-results\39a64e07-3884-491a-8ad1-2b5b084b1359-result.json
[INFO] - [2025-06-17 19:28:11] [main] [com.swaglabs.utils.FilesUtils] - Deleted file: D:\Intiliji WorkSpace\Selenium\Swaglabs_Automation\test-outputs\allure-results\7a78a7c1-5361-40e5-af47-4473fe89c4f8-container.json
[INFO] - [2025-06-17 19:28:11] [main] [com.swaglabs.utils.FilesUtils] - Deleted file: D:\Intiliji WorkSpace\Selenium\Swaglabs_Automation\test-outputs\allure-results\8bf1d62d-47ec-47db-9e59-742407ed7da9-container.json
[INFO] - [2025-06-17 19:28:11] [main] [com.swaglabs.utils.FilesUtils] - Deleted file: D:\Intiliji WorkSpace\Selenium\Swaglabs_Automation\test-outputs\allure-results\8d910937-bdb5-420e-944b-70076cc7711f-attachment.txt
[INFO] - [2025-06-17 19:28:11] [main] [com.swaglabs.utils.FilesUtils] - Deleted file: D:\Intiliji WorkSpace\Selenium\Swaglabs_Automation\test-outputs\allure-results\aac2bde3-9bd2-4de9-afa1-06b502cc13bf-result.json
[INFO] - [2025-06-17 19:28:11] [main] [com.swaglabs.utils.FilesUtils] - Deleted file: D:\Intiliji WorkSpace\Selenium\Swaglabs_Automation\test-outputs\allure-results\ad4e02cd-6170-45cd-aa82-36c7140c6b9a-result.json
[INFO] - [2025-06-17 19:28:11] [main] [com.swaglabs.utils.FilesUtils] - Deleted file: D:\Intiliji WorkSpace\Selenium\Swaglabs_Automation\test-outputs\allure-results\fc69025c-e9a2-4c3f-a18d-a1a251600915-container.json
[INFO] - [2025-06-17 19:28:11] [main] [org.testng.internal.Utils] - [TestNG] Running:
  C:\Users\ahmed\AppData\Local\JetBrains\IntelliJIdea2025.1\temp-testng-customsuite.xml

[INFO] - [2025-06-17 19:28:13] [main] [com.swaglabs.utils.PropertiesUtils] - Loaded properties file: allure.properties
[INFO] - [2025-06-17 19:28:13] [main] [com.swaglabs.utils.PropertiesUtils] - Loaded properties file: environment.properties
[INFO] - [2025-06-17 19:28:13] [main] [com.swaglabs.utils.PropertiesUtils] - Loaded properties file: log4j2.properties
[INFO] - [2025-06-17 19:28:13] [main] [com.swaglabs.utils.PropertiesUtils] - Loaded properties file: web.properties
[INFO] - [2025-06-17 19:28:13] [main] [com.swaglabs.utils.PropertiesUtils] - Loaded properties files: 4
[INFO] - [2025-06-17 19:28:16] [main] [com.swaglabs.drivers.DriverManager] - Edge created
[INFO] - [2025-06-17 19:28:17] [main] [com.swaglabs.utils.Waits] - Waiting for element to be visible: By.cssSelector: #user-name
[INFO] - [2025-06-17 19:28:17] [main] [com.swaglabs.utils.Waits] - Waiting for element to be present: By.cssSelector: #user-name
[INFO] - [2025-06-17 19:28:17] [main] [com.swaglabs.utils.Scrolling] - Scrolling to By.cssSelector: #user-name
[INFO] - [2025-06-17 19:28:17] [main] [com.swaglabs.utils.ElementActions] - Finding element: By.cssSelector: #user-name
[INFO] - [2025-06-17 19:28:17] [main] [com.swaglabs.utils.ElementActions] - Finding element: By.cssSelector: #user-name
[INFO] - [2025-06-17 19:28:18] [main] [com.swaglabs.utils.ElementActions] - Finding element: By.cssSelector: #user-name
[INFO] - [2025-06-17 19:28:18] [main] [com.swaglabs.utils.ElementActions] - Finding element: By.cssSelector: #user-name
[INFO] - [2025-06-17 19:28:18] [main] [com.swaglabs.utils.ElementActions] - Sending data to element: By.cssSelector: #user-name with data: standard_user
[INFO] - [2025-06-17 19:28:18] [main] [com.swaglabs.utils.Waits] - Waiting for element to be visible: By.cssSelector: #password
[INFO] - [2025-06-17 19:28:18] [main] [com.swaglabs.utils.Waits] - Waiting for element to be present: By.cssSelector: #password
[INFO] - [2025-06-17 19:28:18] [main] [com.swaglabs.utils.Scrolling] - Scrolling to By.cssSelector: #password
[INFO] - [2025-06-17 19:28:18] [main] [com.swaglabs.utils.ElementActions] - Finding element: By.cssSelector: #password
[INFO] - [2025-06-17 19:28:18] [main] [com.swaglabs.utils.ElementActions] - Finding element: By.cssSelector: #password
[INFO] - [2025-06-17 19:28:18] [main] [com.swaglabs.utils.ElementActions] - Finding element: By.cssSelector: #password
[INFO] - [2025-06-17 19:28:18] [main] [com.swaglabs.utils.ElementActions] - Finding element: By.cssSelector: #password
[INFO] - [2025-06-17 19:28:18] [main] [com.swaglabs.utils.ElementActions] - Sending data to element: By.cssSelector: #password with data: secret_sauce
[INFO] - [2025-06-17 19:28:18] [main] [com.swaglabs.utils.Waits] - Waiting for element to be clickable: By.cssSelector: #login-button
[INFO] - [2025-06-17 19:28:18] [main] [com.swaglabs.utils.Waits] - Waiting for element to be visible: By.cssSelector: #login-button
[INFO] - [2025-06-17 19:28:18] [main] [com.swaglabs.utils.Waits] - Waiting for element to be present: By.cssSelector: #login-button
[INFO] - [2025-06-17 19:28:18] [main] [com.swaglabs.utils.Scrolling] - Scrolling to By.cssSelector: #login-button
[INFO] - [2025-06-17 19:28:18] [main] [com.swaglabs.utils.ElementActions] - Finding element: By.cssSelector: #login-button
[INFO] - [2025-06-17 19:28:18] [main] [com.swaglabs.utils.ElementActions] - Finding element: By.cssSelector: #login-button
[INFO] - [2025-06-17 19:28:18] [main] [com.swaglabs.utils.Waits] - Waiting for element to be visible: By.cssSelector: .app_logo
[INFO] - [2025-06-17 19:28:18] [main] [com.swaglabs.utils.Waits] - Waiting for element to be present: By.cssSelector: .app_logo
[INFO] - [2025-06-17 19:28:18] [main] [com.swaglabs.utils.Scrolling] - Scrolling to By.cssSelector: .app_logo
[INFO] - [2025-06-17 19:28:18] [main] [com.swaglabs.utils.ElementActions] - Finding element: By.cssSelector: .app_logo
[INFO] - [2025-06-17 19:28:18] [main] [com.swaglabs.utils.ElementActions] - Finding element: By.cssSelector: .app_logo
[INFO] - [2025-06-17 19:28:18] [main] [com.swaglabs.utils.ElementActions] - Getting text from element: By.cssSelector: .app_logo  with data: Swag Labs
[INFO] - [2025-06-17 19:28:18] [main] [com.swaglabs.utils.ElementActions] - Finding element: By.cssSelector: .app_logo
[INFO] - [2025-06-17 19:28:18] [main] [com.swaglabs.utils.FilesUtils] - Latest file found: D:\Intiliji WorkSpace\Selenium\Swaglabs_Automation\test-outputs\logs\log_2025-06-17_19-28-10.log
[INFO] - [2025-06-17 19:28:19] [main] [com.swaglabs.utils.ScreenShotUtils] - Screenshot taken: test-outputs/screenshots/Passed-Login with valid credentials.png
[INFO] - [2025-06-17 19:28:19] [main] [com.swaglabs.Listeners.TestNGListeners] - Test case Login with valid credentials passed successfully.
[INFO] - [2025-06-17 19:28:19] [main] [com.swaglabs.Listeners.TestNGListeners] - Test Execution Finished .......
[ERROR] - [2025-06-17 19:28:19] [main] [io.qameta.allure.AllureLifecycle] - Could not start step: no test case running
[ERROR] - [2025-06-17 19:28:19] [main] [io.qameta.allure.AllureLifecycle] - Could not update step: no step running
[ERROR] - [2025-06-17 19:28:19] [main] [io.qameta.allure.AllureLifecycle] - Could not stop step: no step running
[ERROR] - [2025-06-17 19:28:19] [main] [io.qameta.allure.AllureLifecycle] - Could not start step: no test case running
[ERROR] - [2025-06-17 19:28:19] [main] [io.qameta.allure.AllureLifecycle] - Could not update step: no step running
[ERROR] - [2025-06-17 19:28:19] [main] [io.qameta.allure.AllureLifecycle] - Could not stop step: no step running
[ERROR] - [2025-06-17 19:28:19] [main] [io.qameta.allure.AllureLifecycle] - Could not start step: no test case running
[INFO] - [2025-06-17 19:28:19] [main] [com.swaglabs.utils.BrowserActions] - Closing the browser.
[ERROR] - [2025-06-17 19:28:20] [main] [io.qameta.allure.AllureLifecycle] - Could not update step: no step running
[ERROR] - [2025-06-17 19:28:20] [main] [io.qameta.allure.AllureLifecycle] - Could not stop step: no step running
