[DEBUG] - [2025-06-17 19:53:07] [main] [org.testng.TestNG] - suiteXmlPath: "C:\Users\ahmed\AppData\Local\JetBrains\IntelliJIdea2025.1\temp-testng-customsuite.xml"
[INFO] - [2025-06-17 19:53:08] [main] [com.swaglabs.Listeners.TestNGListeners] - Test Execution Started .......
[INFO] - [2025-06-17 19:53:08] [main] [com.swaglabs.utils.PropertiesUtils] - Loaded properties file: allure.properties
[INFO] - [2025-06-17 19:53:08] [main] [com.swaglabs.utils.PropertiesUtils] - Loaded properties file: environment.properties
[INFO] - [2025-06-17 19:53:08] [main] [com.swaglabs.utils.PropertiesUtils] - Loaded properties file: log4j2.properties
[INFO] - [2025-06-17 19:53:08] [main] [com.swaglabs.utils.PropertiesUtils] - Loaded properties file: web.properties
[INFO] - [2025-06-17 19:53:08] [main] [com.swaglabs.utils.PropertiesUtils] - Loaded properties files: 4
[INFO] - [2025-06-17 19:53:08] [main] [com.swaglabs.utils.FilesUtils] - Deleted file: D:\Intiliji WorkSpace\Selenium\Swaglabs_Automation\test-outputs\allure-results\14b110d0-189a-464e-9884-bbac2665c2ca-result.json
[INFO] - [2025-06-17 19:53:08] [main] [com.swaglabs.utils.FilesUtils] - Deleted file: D:\Intiliji WorkSpace\Selenium\Swaglabs_Automation\test-outputs\allure-results\1a9d677d-79c3-4e73-841f-e07881697779-attachment.txt
[INFO] - [2025-06-17 19:53:08] [main] [com.swaglabs.utils.FilesUtils] - Deleted file: D:\Intiliji WorkSpace\Selenium\Swaglabs_Automation\test-outputs\allure-results\35f91963-eadd-4485-a8cf-d262b495fd23-container.json
[INFO] - [2025-06-17 19:53:08] [main] [com.swaglabs.utils.FilesUtils] - Deleted file: D:\Intiliji WorkSpace\Selenium\Swaglabs_Automation\test-outputs\allure-results\423d2e15-421f-495a-95b8-543924868361-container.json
[INFO] - [2025-06-17 19:53:08] [main] [com.swaglabs.utils.FilesUtils] - Deleted file: D:\Intiliji WorkSpace\Selenium\Swaglabs_Automation\test-outputs\allure-results\83512e6e-25b4-4a35-9a44-c8462fa06764-attachment
[INFO] - [2025-06-17 19:53:08] [main] [com.swaglabs.utils.FilesUtils] - Deleted file: D:\Intiliji WorkSpace\Selenium\Swaglabs_Automation\test-outputs\allure-results\f990c87f-b75e-4684-b422-436ab4ac75dd-container.json
[INFO] - [2025-06-17 19:53:08] [main] [com.swaglabs.utils.FilesUtils] - Deleted file: D:\Intiliji WorkSpace\Selenium\Swaglabs_Automation\test-outputs\screenshots\Passed-Login with valid credentials.png
[INFO] - [2025-06-17 19:53:08] [main] [org.testng.internal.Utils] - [TestNG] Running:
  C:\Users\ahmed\AppData\Local\JetBrains\IntelliJIdea2025.1\temp-testng-customsuite.xml

[WARN] - [2025-06-17 19:53:08] [main] [org.testng.internal.Utils] - The test method 'io.cucumber.testng.AbstractTestNGCucumberTests.runScenario' will be skipped since its data provider 'scenarios' returned an empty array or iterator. 
[INFO] - [2025-06-17 19:53:08] [main] [com.swaglabs.Listeners.TestNGListeners] - Test Execution Finished .......
[ERROR] - [2025-06-17 19:53:08] [main] [io.qameta.allure.AllureLifecycle] - Could not start step: no test case running
[ERROR] - [2025-06-17 19:53:08] [main] [com.swaglabs.drivers.DriverManager] - WebDriver instance is not set for the current thread.
[ERROR] - [2025-06-17 19:53:08] [main] [io.qameta.allure.AllureLifecycle] - Could not update step: no step running
[ERROR] - [2025-06-17 19:53:08] [main] [io.qameta.allure.AllureLifecycle] - Could not stop step: no step running
